<?xml version="1.0" encoding="UTF-8"?>
<testng-results skipped="0" failed="0" ignored="0" total="1" passed="1">
  <reporter-output>
  </reporter-output>
  <suite name="Default suite" duration-ms="1517" started-at="2020-11-08T20:04:14 IST" finished-at="2020-11-08T20:04:15 IST">
    <groups>
      <group name="cucumber">
        <method signature="AbstractTestNGCucumberTests.feature(cucumber.api.testng.CucumberFeatureWrapper)[pri:0, instance:runner.Runner@52feb982]" name="feature" class="cucumber.api.testng.AbstractTestNGCucumberTests"/>
      </group> <!-- cucumber -->
    </groups>
    <test name="Default test" duration-ms="1517" started-at="2020-11-08T20:04:14 IST" finished-at="2020-11-08T20:04:15 IST">
      <class name="runner.Runner">
        <test-method status="PASS" signature="setUpClass()[pri:0, instance:runner.Runner@52feb982]" name="setUpClass" is-config="true" duration-ms="310" started-at="2020-11-08T20:04:14 IST" finished-at="2020-11-08T20:04:14 IST">
          <reporter-output>
          </reporter-output>
        </test-method> <!-- setUpClass -->
        <test-method status="PASS" signature="feature(cucumber.api.testng.CucumberFeatureWrapper)[pri:0, instance:runner.Runner@52feb982]" name="feature" duration-ms="479" started-at="2020-11-08T20:04:14 IST" description="Runs Cucumber Feature" data-provider="features" finished-at="2020-11-08T20:04:14 IST">
          <params>
            <param index="0">
              <value>
                <![CDATA[DataDriven Testing]]>
              </value>
            </param>
          </params>
          <reporter-output>
          </reporter-output>
        </test-method> <!-- feature -->
        <test-method status="PASS" signature="writeExtentReport()[pri:0, instance:runner.Runner@52feb982]" name="writeExtentReport" is-config="true" duration-ms="26" started-at="2020-11-08T20:04:14 IST" finished-at="2020-11-08T20:04:15 IST">
          <reporter-output>
          </reporter-output>
        </test-method> <!-- writeExtentReport -->
        <test-method status="PASS" signature="tearDownClass()[pri:0, instance:runner.Runner@52feb982]" name="tearDownClass" is-config="true" duration-ms="529" started-at="2020-11-08T20:04:15 IST" finished-at="2020-11-08T20:04:15 IST">
          <reporter-output>
          </reporter-output>
        </test-method> <!-- tearDownClass -->
      </class> <!-- runner.Runner -->
    </test> <!-- Default test -->
  </suite> <!-- Default suite -->
</testng-results>
